h:\mfc opengl 测试\mfcopenglsample\debug\mfcopenglsample.pch
h:\mfc opengl 测试\mfcopenglsample\debug\vc140.pdb
h:\mfc opengl 测试\mfcopenglsample\debug\vc140.idb
h:\mfc opengl 测试\mfcopenglsample\debug\stdafx.obj
h:\mfc opengl 测试\mfcopenglsample\debug\mfcopenglsample.obj
h:\mfc opengl 测试\mfcopenglsample\debug\mfcopenglsampledlg.obj
h:\mfc opengl 测试\mfcopenglsample\debug\openglcontrol.obj
h:\mfc opengl 测试\mfcopenglsample\debug\mfcopenglsample.res
h:\mfc opengl 测试\mfcopenglsample\debug\mfcopenglsample.ilk
h:\mfc opengl 测试\mfcopenglsample\debug\mfcopenglsample.exe
h:\mfc opengl 测试\mfcopenglsample\debug\mfcopenglsample.pdb
h:\mfc opengl 测试\mfcopenglsample\debug\mfcopenglsample.tlog\cl.read.1.tlog
h:\mfc opengl 测试\mfcopenglsample\debug\mfcopenglsample.tlog\cl.write.1.tlog
h:\mfc opengl 测试\mfcopenglsample\debug\mfcopenglsample.tlog\cl.command.1.tlog
h:\mfc opengl 测试\mfcopenglsample\debug\mfcopenglsample.tlog\rc.read.1.tlog
h:\mfc opengl 测试\mfcopenglsample\debug\mfcopenglsample.tlog\rc.write.1.tlog
h:\mfc opengl 测试\mfcopenglsample\debug\mfcopenglsample.tlog\rc.command.1.tlog
h:\mfc opengl 测试\mfcopenglsample\debug\mfcopenglsample.tlog\link.read.1.tlog
h:\mfc opengl 测试\mfcopenglsample\debug\mfcopenglsample.tlog\link.write.1.tlog
h:\mfc opengl 测试\mfcopenglsample\debug\mfcopenglsample.tlog\link.command.1.tlog
